[2026-03-16T07:14:57.116Z] GET /api/habitaciones
[2026-03-16T07:14:57.117Z] GET /api/clientes
[2026-03-16T07:14:57.144Z] GET /api/habitaciones
[2026-03-16T07:14:57.148Z] GET /api/clientes
[2026-03-16T07:14:57.152Z] GET /api/habitaciones/1
[2026-03-16T07:14:57.160Z] GET /api/clientes/search?q=Johan
[2026-03-16T07:14:57.164Z] GET /api/habitaciones/999
[2026-03-16T07:14:57.169Z] GET /api/clientes/search
[2026-03-16T07:14:57.177Z] GET /api/clientes/search?q=xxxxx
[2026-03-16T07:14:57.187Z] GET /api/clientes/123456789
[2026-03-16T07:14:57.197Z] GET /api/clientes/000000000
[2026-03-16T07:14:57.204Z] GET /api/clientes/123456789/historial
[2026-03-16T07:14:57.204Z] POST /api/habitaciones
[2026-03-16T07:14:57.215Z] GET /api/clientes/000000000/historial
[2026-03-16T07:14:57.217Z] POST /api/habitaciones
[2026-03-16T07:14:57.225Z] POST /api/habitaciones
[2026-03-16T07:14:57.234Z] POST /api/habitaciones
[2026-03-16T07:14:57.241Z] PUT /api/habitaciones/1
[2026-03-16T07:14:57.240Z] PUT /api/clientes/123456789
[2026-03-16T07:14:57.249Z] PUT /api/habitaciones/1
[2026-03-16T07:14:57.252Z] PUT /api/clientes/123456789
[2026-03-16T07:14:57.257Z] PUT /api/habitaciones/999
[2026-03-16T07:14:57.258Z] PUT /api/clientes/123456789
[2026-03-16T07:14:57.264Z] DELETE /api/habitaciones/1
[2026-03-16T07:14:57.266Z] PUT /api/clientes/999999999
[2026-03-16T07:14:57.271Z] DELETE /api/habitaciones/1
[2026-03-16T07:14:57.278Z] DELETE /api/habitaciones/999
[2026-03-16T07:14:57.283Z] PATCH /api/habitaciones/1/estado
[2026-03-16T07:14:57.292Z] PATCH /api/habitaciones/1/estado
[2026-03-16T07:14:57.299Z] PATCH /api/habitaciones/1/estado
[2026-03-16T07:14:57.303Z] PATCH /api/habitaciones/999/estado
[2026-03-16T20:31:15.442Z] GET /
[2026-03-16T20:31:15.691Z] GET /favicon.ico
[2026-03-16T20:34:42.186Z] GET /
[2026-03-16T20:35:41.512Z] GET /
[2026-03-16T20:53:06.916Z] GET /
[2026-03-16T20:59:21.812Z] GET /index.html
[2026-03-16T20:59:35.120Z] GET /
[2026-03-16T21:01:01.869Z] GET /
[2026-03-16T21:09:47.416Z] GET /
[2026-03-17T03:44:55.652Z] GET /favicon.ico
[2026-03-17T03:55:57.757Z] GET /
[2026-03-17T03:56:24.121Z] GET /
[2026-03-17T03:56:25.080Z] GET /
[2026-03-17T03:56:37.599Z] GET /
[2026-03-17T03:58:43.974Z] GET /.well-known/appspecific/com.chrome.devtools.json
[2026-03-17T04:14:26.862Z] GET /
[2026-03-17T04:14:26.950Z] GET /api/clientes
[2026-03-17T04:14:26.952Z] GET /api/habitaciones
[2026-03-17T04:14:39.333Z] GET /api/clientes
[2026-03-17T04:14:57.874Z] PUT /api/clientes/123456
[2026-03-17T04:14:57.938Z] GET /api/clientes
[2026-03-17T04:15:42.396Z] PUT /api/clientes/123456
[2026-03-17T04:15:42.472Z] GET /api/clientes
[2026-03-17T04:15:48.348Z] GET /api/clientes/123456
[2026-03-17T04:16:59.215Z] PUT /api/clientes/123456
[2026-03-17T04:16:59.263Z] GET /api/clientes
[2026-03-17T04:17:04.544Z] GET /api/clientes/123456
[2026-03-17T04:17:09.624Z] GET /api/habitaciones
[2026-03-17T04:17:28.835Z] GET /api/clientes
[2026-03-19T17:29:34.463Z] GET /
[2026-03-19T17:29:34.688Z] GET /api/clientes
[2026-03-19T17:29:34.690Z] GET /api/habitaciones
[2026-03-19T17:29:34.886Z] GET /favicon.ico
[2026-03-19T17:29:39.187Z] GET /api/clientes
[2026-03-19T17:29:46.596Z] GET /api/clientes/123456
[2026-03-19T17:29:55.883Z] GET /api/habitaciones
[2026-03-19T17:32:01.284Z] POST /api/habitaciones
[2026-03-19T17:32:01.382Z] GET /api/habitaciones
[2026-03-19T17:32:22.794Z] PUT /api/habitaciones/1
[2026-03-19T17:32:22.940Z] GET /api/habitaciones
[2026-03-19T17:34:54.215Z] POST /api/habitaciones
[2026-03-19T17:34:54.252Z] GET /api/habitaciones
[2026-03-19T17:35:03.388Z] GET /api/clientes
[2026-03-19T17:38:55.037Z] GET /api/clientes/123456
[2026-03-19T17:38:59.878Z] GET /api/clientes/123456
[2026-03-19T17:39:10.630Z] GET /api/clientes/123456
[2026-03-19T17:39:19.223Z] GET /api/clientes/123456
[2026-03-19T17:39:39.332Z] GET /api/habitaciones
[2026-03-19T17:39:51.793Z] PATCH /api/habitaciones/2/estado
[2026-03-19T17:39:51.846Z] GET /api/habitaciones
[2026-03-19T17:39:53.551Z] PATCH /api/habitaciones/2/estado
[2026-03-19T17:39:53.588Z] GET /api/habitaciones
[2026-03-19T17:41:20.323Z] GET /api/clientes
[2026-03-19T17:41:23.142Z] GET /api/clientes/123456
[2026-03-19T17:48:53.118Z] GET /api/habitaciones
[2026-03-19T17:48:54.182Z] GET /api/clientes
[2026-03-19T17:48:56.698Z] GET /api/habitaciones
[2026-03-19T17:48:58.818Z] GET /api/clientes
[2026-03-19T18:11:07.511Z] GET /api/habitaciones
[2026-03-19T18:11:19.862Z] GET /api/habitaciones
[2026-03-19T18:11:22.394Z] PATCH /api/habitaciones/2/estado
[2026-03-19T18:11:22.486Z] GET /api/habitaciones
[2026-03-19T18:11:26.229Z] GET /api/habitaciones
[2026-03-19T18:11:27.332Z] PATCH /api/habitaciones/2/estado
[2026-03-19T18:11:27.362Z] GET /api/habitaciones
[2026-03-19T18:11:38.032Z] GET /api/clientes
[2026-03-19T18:11:43.231Z] GET /api/clientes/123456
[2026-03-19T18:11:45.138Z] GET /api/habitaciones
[2026-03-19T18:14:00.742Z] GET /api/clientes
[2026-03-19T19:10:03.446Z] GET /
[2026-03-19T19:10:03.570Z] GET /api/clientes
[2026-03-19T19:10:03.574Z] GET /api/habitaciones
[2026-03-19T19:10:15.401Z] GET /api/clientes
[2026-03-19T19:10:19.374Z] GET /api/habitaciones
[2026-03-19T19:10:27.636Z] GET /api/clientes
[2026-03-19T19:10:31.681Z] GET /api/clientes
[2026-03-19T19:10:38.444Z] GET /api/clientes
[2026-03-19T19:13:06.369Z] GET /
[2026-03-19T19:13:06.489Z] GET /api/clientes
[2026-03-19T19:13:06.503Z] GET /api/habitaciones
[2026-03-19T19:13:13.720Z] GET /api/clientes
[2026-03-19T19:13:46.824Z] GET /
[2026-03-19T19:13:46.954Z] GET /api/clientes
[2026-03-19T19:13:46.956Z] GET /api/habitaciones
[2026-03-19T19:15:27.649Z] GET /api/clientes
[2026-03-19T19:23:18.963Z] GET /
[2026-03-19T19:23:19.052Z] GET /api/clientes
[2026-03-19T19:23:19.054Z] GET /api/habitaciones
[2026-03-19T19:23:44.226Z] GET /api/clientes
[2026-03-19T19:26:26.238Z] GET /
[2026-03-19T19:26:26.345Z] GET /api/clientes
[2026-03-19T19:26:26.348Z] GET /api/habitaciones
[2026-03-19T19:26:31.307Z] GET /api/clientes
[2026-03-19T19:26:32.823Z] GET /api/habitaciones
[2026-03-19T19:26:34.423Z] GET /api/clientes
[2026-03-19T19:26:37.706Z] GET /api/clientes
[2026-03-19T19:26:46.399Z] GET /api/clientes
[2026-03-19T19:27:00.036Z] GET /api/clientes
[2026-03-19T19:36:42.242Z] GET /
[2026-03-19T19:36:42.286Z] GET /api/clientes
[2026-03-19T19:36:42.287Z] GET /api/habitaciones
[2026-03-19T19:36:50.335Z] GET /api/clientes
[2026-03-19T19:37:00.029Z] PUT /api/clientes/123456
[2026-03-19T19:37:00.089Z] GET /api/clientes
[2026-03-19T19:37:02.235Z] PUT /api/clientes/12345
[2026-03-19T19:37:02.257Z] GET /api/clientes
[2026-03-19T19:37:04.193Z] GET /api/clientes/12345
[2026-03-19T19:37:07.481Z] GET /api/clientes/123456
[2026-03-19T19:37:10.349Z] GET /api/clientes/12345
[2026-03-19T19:37:13.621Z] PUT /api/clientes/123456
[2026-03-19T19:37:13.655Z] GET /api/clientes
[2026-03-19T19:37:16.930Z] PUT /api/clientes/12345
[2026-03-19T19:37:16.954Z] GET /api/clientes
[2026-03-19T19:37:17.799Z] GET /api/clientes/12345
[2026-03-19T19:37:45.855Z] PUT /api/clientes/123456
[2026-03-19T19:37:45.906Z] GET /api/clientes
[2026-03-19T19:37:47.927Z] PUT /api/clientes/12345
[2026-03-19T19:37:47.946Z] GET /api/clientes
[2026-03-19T19:37:51.129Z] GET /api/clientes/123456
[2026-03-19T19:38:00.218Z] GET /api/habitaciones
[2026-03-19T19:38:04.785Z] GET /api/clientes
[2026-03-19T19:38:07.802Z] PUT /api/clientes/123456
[2026-03-19T19:38:07.819Z] GET /api/clientes
[2026-03-19T19:38:09.702Z] GET /api/clientes
[2026-03-19T19:38:14.050Z] PUT /api/clientes/123456
[2026-03-19T19:38:14.079Z] GET /api/clientes
[2026-03-19T19:38:26.621Z] PUT /api/clientes/123456
[2026-03-19T19:38:26.661Z] GET /api/clientes
[2026-03-19T19:38:36.398Z] PUT /api/clientes/12345
[2026-03-19T19:38:36.413Z] GET /api/clientes
[2026-03-19T19:38:39.859Z] GET /api/habitaciones
[2026-03-19T19:38:40.358Z] GET /api/clientes
[2026-03-19T19:38:43.488Z] GET /api/clientes
[2026-03-19T19:38:56.578Z] PUT /api/clientes/123456
[2026-03-19T19:38:56.598Z] GET /api/clientes
[2026-03-19T19:39:17.356Z] PUT /api/clientes/12345
[2026-03-19T19:39:17.391Z] GET /api/clientes
[2026-03-19T19:39:26.716Z] PUT /api/clientes/123456
[2026-03-19T19:39:26.753Z] GET /api/clientes
[2026-03-19T19:39:47.168Z] GET /api/clientes/123456
[2026-03-19T19:39:58.047Z] PUT /api/clientes/123456
[2026-03-19T19:39:59.354Z] PUT /api/clientes/123456
[2026-03-19T19:40:01.207Z] PUT /api/clientes/123456
[2026-03-19T19:40:03.795Z] PUT /api/clientes/123456
[2026-03-19T19:40:03.817Z] GET /api/clientes
[2026-03-19T19:40:05.201Z] GET /
[2026-03-19T19:40:05.236Z] GET /api/clientes
[2026-03-19T19:40:05.239Z] GET /api/habitaciones
[2026-03-19T19:40:08.298Z] GET /api/clientes
[2026-03-19T19:40:12.885Z] PUT /api/clientes/123456
[2026-03-19T19:40:12.909Z] GET /api/clientes
[2026-03-19T19:42:02.420Z] GET /api/clientes/123456
[2026-03-19T19:44:12.813Z] GET /api/clientes/12345
[2026-03-19T19:47:17.372Z] GET /api/clientes/12345
[2026-03-19T19:55:38.423Z] GET /
[2026-03-19T19:55:38.447Z] GET /api/clientes
[2026-03-19T19:55:38.451Z] GET /api/habitaciones
[2026-03-19T19:55:39.985Z] GET /api/clientes
[2026-03-19T19:55:41.464Z] GET /api/clientes/123456
[2026-03-19T19:55:48.778Z] PUT /api/clientes/123456
[2026-03-19T19:55:48.812Z] GET /api/clientes
[2026-03-19T19:55:54.618Z] PUT /api/clientes/12345
[2026-03-19T19:55:54.636Z] GET /api/clientes
[2026-03-19T19:58:06.840Z] GET /api/clientes/123456
[2026-03-19T19:58:08.378Z] GET /api/clientes/12345
[2026-03-19T19:59:12.323Z] GET /api/clientes/123456
[2026-03-19T20:00:24.626Z] GET /api/clientes/123456
[2026-03-19T20:00:32.773Z] GET /api/habitaciones
[2026-03-19T20:00:36.371Z] GET /api/clientes
[2026-03-19T20:03:25.374Z] GET /
[2026-03-19T20:03:25.418Z] GET /api/clientes
[2026-03-19T20:03:25.433Z] GET /api/habitaciones
[2026-03-19T20:03:26.928Z] GET /api/clientes
[2026-03-19T20:03:28.475Z] GET /api/clientes/123456
[2026-03-19T20:03:47.232Z] GET /api/clientes/12345
[2026-03-19T20:03:57.104Z] GET /api/clientes/123456
[2026-03-19T20:04:00.549Z] GET /api/clientes/12345
[2026-03-19T20:04:09.709Z] GET /api/habitaciones
[2026-03-19T20:04:29.185Z] GET /api/clientes
[2026-03-19T20:04:41.577Z] GET /api/clientes
[2026-03-19T20:04:58.084Z] GET /api/clientes/123456
[2026-03-19T20:05:43.196Z] GET /api/clientes/123456
[2026-03-19T20:07:20.222Z] GET /api/habitaciones
[2026-03-19T21:47:02.605Z] GET /api/clientes
[2026-03-19T21:47:34.879Z] GET /api/clientes/123456
[2026-03-19T21:47:52.928Z] GET /api/habitaciones
[2026-03-19T21:59:51.435Z] GET /api/clientes
[2026-03-19T22:00:00.725Z] GET /api/habitaciones
[2026-03-19T22:02:13.647Z] PATCH /api/habitaciones/2/estado
[2026-03-19T22:02:13.686Z] GET /api/habitaciones
[2026-03-19T22:02:14.851Z] PATCH /api/habitaciones/2/estado
[2026-03-19T22:02:14.877Z] GET /api/habitaciones
[2026-03-19T22:02:15.899Z] GET /api/clientes
[2026-03-19T22:03:19.158Z] PUT /api/clientes/123456
[2026-03-19T22:03:19.190Z] GET /api/clientes
[2026-03-19T22:03:20.718Z] PUT /api/clientes/123456
[2026-03-19T22:03:20.739Z] GET /api/clientes
[2026-03-19T22:04:28.190Z] PUT /api/clientes/123456
[2026-03-19T22:04:28.215Z] GET /api/clientes
[2026-03-19T22:04:30.383Z] PUT /api/clientes/123456
[2026-03-19T22:04:30.400Z] GET /api/clientes
